resourceName: sarp_nametag, functionName: setElementData, luaFilename: sourceC.lua, luaLineNumber: 309, args: userdata: 00000FFD|consoling|false
resourceName: sarp_nametag, functionName: setElementData, luaFilename: sourceC.lua, luaLineNumber: 309, args: userdata: 00000FFD|consoling|false
resourceName: sarp_accounts, functionName: setElementData, luaFilename: sourceC.lua, luaLineNumber: 742, args: userdata: 00000FFD|char.playedMinutes|15242
resourceName: sarp_nametag, functionName: setElementData, luaFilename: sourceC.lua, luaLineNumber: 309, args: userdata: 00000FFD|consoling|false
resourceName: sarp_nametag, functionName: setElementData, luaFilename: sourceC.lua, luaLineNumber: 309, args: userdata: 00000FFD|consoling|false
resourceName: sarp_accounts, functionName: setElementData, luaFilename: sourceC.lua, luaLineNumber: 742, args: userdata: 00000FFD|char.playedMinutes|15242
resourceName: sarp_accounts, functionName: setElementData, luaFilename: sourceC.lua, luaLineNumber: 750, args: userdata: 00000FFD|char.playTimeForPayday|2
 userdata: 00000FFD|char.playTimeForPayday|2
resourceName: sarp_nametag, functionName: setElementData, luaFilename: sourceC.lua, luaLineNumber: 229, args: userdata: 00000FFD|afk|true
 userdata: 00000FFD|char.playTimeForPayday|2
 userdata: 00000FFD|char.playTimeForPayday|2
resourceName: sarp_nametag, functionName: setElementData, luaFilename: sourceC.lua, luaLineNumber: 229, args: userdata: 00000FFD|afk|true
resourceName: sarp_nametag, functionName: setElementData, luaFilename: sourceC.lua, luaLineNumber: 237, args: userdata: 00000FC2|afk|false
tElementData, luaFilename: sourceC.lua, luaLineNumber: 237, args: userdata: 00000FC2|afk|false
resourceName: sarp_nametag, functionName: setElementData, luaFilename: sourceC.lua, luaLineNumber: 237, args: userdata: 00000FFD|afk|false
tElementData, luaFilename: sourceC.lua, luaLineNumber: 237, args: userdata: 00000FC2|afk|false
tElementData, luaFilename: sourceC.lua, luaLineNumber: 237, args: userdata: 00000FC2|afk|false
resourceName: sarp_nametag, functionName: setElementData, luaFilename: sourceC.lua, luaLineNumber: 237, args: userdata: 00000FFD|afk|false
resourceName: sarp_nametag, functionName: setElementData, luaFilename: sourceC.lua, luaLineNumber: 223, args: userdata: 00000FFD|afk|false
00000FC2|afk|false
resourceName: sarp_nametag, functionName: setElementData, luaFilename: sourceC.lua, luaLineNumber: 237, args: userdata: 00000FFD|afk|false
resourceName: sarp_nametag, functionName: setElementData, luaFilename: sourceC.lua, luaLineNumber: 223, args: userdata: 00000FFD|afk|false
resourceName: sarp_nametag, functionName: setElementData, luaFilename: sourceC.lua, luaLineNumber: 229, args: userdata: 00000FFD|afk|true
ElementData, luaFilename: sourceC.lua, luaLineNumber: 223, args: userdata: 00000FFD|afk|false
resourceName: sarp_nametag, functionName: setElementData, luaFilename: sourceC.lua, luaLineNumber: 229, args: userdata: 00000FFD|afk|true
resourceName: sarp_accounts, functionName: setElementData, luaFilename: sourceC.lua, luaLineNumber: 742, args: userdata: 00000FC1|char.playedMinutes|7102
nName: setElementData, luaFilename: sourceC.lua, luaLineNumber: 742, args: userdata: 00000FC1|char.playedMinutes|7102
resourceName: sarp_accounts, functionName: setElementData, luaFilename: sourceC.lua, luaLineNumber: 750, args: userdata: 00000FC1|char.playTimeForPayday|22
nName: setElementData, luaFilename: sourceC.lua, luaLineNumber: 742, args: userdata: 00000FC1|char.playedMinutes|7102
nName: setElementData, luaFilename: sourceC.lua, luaLineNumber: 742, args: userdata: 00000FC1|char.playedMinutes|7102
resourceName: sarp_accounts, functionName: setElementData, luaFilename: sourceC.lua, luaLineNumber: 750, args: userdata: 00000FC1|char.playTimeForPayday|22
resourceName: sarp_accounts, functionName: setElementData, luaFilename: sourceC.lua, luaLineNumber: 742, args: userdata: 00000FC2|char.playedMinutes|14294
utes|7102
nName: setElementData, luaFilename: sourceC.lua, luaLineNumber: 742, args: userdata: 00000FC1|char.playedMinutes|7102
resourceName: sarp_accounts, functionName: setElementData, luaFilename: sourceC.lua, luaLineNumber: 750, args: userdata: 00000FC1|char.playTimeForPayday|22
resourceName: sarp_accounts, functionName: setElementData, luaFilename: sourceC.lua, luaLineNumber: 742, args: userdata: 00000FC2|char.playedMinutes|14294
resourceName: sarp_accounts, functionName: setElementData, luaFilename: sourceC.lua, luaLineNumber: 750, args: userdata: 00000FC2|char.playTimeForPayday|14
0000FC2|char.playTimeForPayday|14
resourceName: sarp_nametag, functionName: setElementData, luaFilename: sourceC.lua, luaLineNumber: 305, args: userdata: 00000FC2|consoling|true
0000FC2|char.playTimeForPayday|14
0000FC2|char.playTimeForPayday|14
resourceName: sarp_nametag, functionName: setElementData, luaFilename: sourceC.lua, luaLineNumber: 305, args: userdata: 00000FC2|consoling|true
resourceName: sarp_nametag, functionName: setElementData, luaFilename: sourceC.lua, luaLineNumber: 309, args: userdata: 00000FC2|consoling|false
eC.lua, luaLineNumber: 309, args: userdata: 00000FC2|consoling|false
resourceName: sarp_accounts, functionName: setElementData, luaFilename: sourceC.lua, luaLineNumber: 742, args: userdata: 00000FFD|char.playedMinutes|15243
eC.lua, luaLineNumber: 309, args: userdata: 00000FC2|consoling|false
eC.lua, luaLineNumber: 309, args: userdata: 00000FC2|consoling|false
resourceName: sarp_accounts, functionName: setElementData, luaFilename: sourceC.lua, luaLineNumber: 742, args: userdata: 00000FFD|char.playedMinutes|15243
resourceName: sarp_accounts, functionName: setElementData, luaFilename: sourceC.lua, luaLineNumber: 750, args: userdata: 00000FFD|char.playTimeForPayday|3
e: sourceC.lua, luaLineNumber: 742, args: userdata: 00000FFD|char.playedMinutes|15243
resourceName: sarp_accounts, functionName: setElementData, luaFilename: sourceC.lua, luaLineNumber: 750, args: userdata: 00000FFD|char.playTimeForPayday|3
resourceName: sarp_nametag, functionName: setElementData, luaFilename: sourceC.lua, luaLineNumber: 237, args: userdata: 00000FFD|afk|false
_nametag, functionName: setElementData, luaFilename: sourceC.lua, luaLineNumber: 237, args: userdata: 00000FFD|afk|false
resourceName: sarp_nametag, functionName: setElementData, luaFilename: sourceC.lua, luaLineNumber: 305, args: userdata: 00000FFD|consoling|true
_nametag, functionName: setElementData, luaFilename: sourceC.lua, luaLineNumber: 237, args: userdata: 00000FFD|afk|false
_nametag, functionName: setElementData, luaFilename: sourceC.lua, luaLineNumber: 237, args: userdata: 00000FFD|afk|false
resourceName: sarp_nametag, functionName: setElementData, luaFilename: sourceC.lua, luaLineNumber: 305, args: userdata: 00000FFD|consoling|true
resourceName: sarp_nametag, functionName: setElementData, luaFilename: sourceC.lua, luaLineNumber: 223, args: userdata: 00000FFD|afk|false
|false
_nametag, functionName: setElementData, luaFilename: sourceC.lua, luaLineNumber: 237, args: userdata: 00000FFD|afk|false
resourceName: sarp_nametag, functionName: setElementData, luaFilename: sourceC.lua, luaLineNumber: 305, args: userdata: 00000FFD|consoling|true
resourceName: sarp_nametag, functionName: setElementData, luaFilename: sourceC.lua, luaLineNumber: 223, args: userdata: 00000FFD|afk|false
resourceName: sarp_nametag, functionName: setElementData, luaFilename: sourceC.lua, luaLineNumber: 309, args: userdata: 00000FFD|consoling|false
37, args: userdata: 00000FFD|afk|false
resourceName: sarp_nametag, functionName: setElementData, luaFilename: sourceC.lua, luaLineNumber: 305, args: userdata: 00000FFD|consoling|true
resourceName: sarp_nametag, functionName: setElementData, luaFilename: sourceC.lua, luaLineNumber: 223, args: userdata: 00000FFD|afk|false
resourceName: sarp_nametag, functionName: setElementData, luaFilename: sourceC.lua, luaLineNumber: 309, args: userdata: 00000FFD|consoling|false
resourceName: sarp_nametag, functionName: setElementData, luaFilename: sourceC.lua, luaLineNumber: 315, args: userdata: 00000FFD|typing|true
ame: sourceC.lua, luaLineNumber: 315, args: userdata: 00000FFD|typing|true
resourceName: sarp_nametag, functionName: setElementData, luaFilename: sourceC.lua, luaLineNumber: 319, args: userdata: 00000FFD|typing|false
ame: sourceC.lua, luaLineNumber: 315, args: userdata: 00000FFD|typing|true
ame: sourceC.lua, luaLineNumber: 315, args: userdata: 00000FFD|typing|true
resourceName: sarp_nametag, functionName: setElementData, luaFilename: sourceC.lua, luaLineNumber: 319, args: userdata: 00000FFD|typing|false
resourceName: sarp_inventory, functionName: triggerServerEvent, luaFilename: sourceC.lua, luaLineNumber: 450, args: giveWeapon|userdata: 00000FFD|110|24|99999
luaFilename: sourceC.lua, luaLineNumber: 319, args: userdata: 00000FFD|typing|false
resourceName: sarp_inventory, functionName: triggerServerEvent, luaFilename: sourceC.lua, luaLineNumber: 450, args: giveWeapon|userdata: 00000FFD|110|24|99999
resourceName: sarp_chat, functionName: triggerServerEvent, luaFilename: sourceC.lua, luaLineNumber: 202, args: onActionMessage|userdata: 00000FFD|table: 3FAAE130|Jayceon|elővett egy sokkoló pisztolyt.
sarp_chat, functionName: triggerServerEvent, luaFilename: sourceC.lua, luaLineNumber: 202, args: onActionMessage|userdata: 00000FFD|table: 3FAAE130|Jayceon|elővett egy sokkoló pisztolyt.
resourceName: sarp_inventory, functionName: setElementData, luaFilename: sourceC.lua, luaLineNumber: 472, args: userdata: 00000FFD|tazerState|true
00000FFD|tazerState|true
resourceName: sarp_accounts, functionName: setElementData, luaFilename: sourceC.lua, luaLineNumber: 742, args: userdata: 00000FC1|char.playedMinutes|7103
00000FFD|tazerState|true
00000FFD|tazerState|true
resourceName: sarp_accounts, functionName: setElementData, luaFilename: sourceC.lua, luaLineNumber: 742, args: userdata: 00000FC1|char.playedMinutes|7103
resourceName: sarp_accounts, functionName: setElementData, luaFilename: sourceC.lua, luaLineNumber: 750, args: userdata: 00000FC1|char.playTimeForPayday|23
Number: 750, args: userdata: 00000FC1|char.playTimeForPayday|23
resourceName: sarp_accounts, functionName: setElementData, luaFilename: sourceC.lua, luaLineNumber: 742, args: userdata: 00000FC2|char.playedMinutes|14295
Number: 750, args: userdata: 00000FC1|char.playTimeForPayday|23
Number: 750, args: userdata: 00000FC1|char.playTimeForPayday|23
resourceName: sarp_accounts, functionName: setElementData, luaFilename: sourceC.lua, luaLineNumber: 742, args: userdata: 00000FC2|char.playedMinutes|14295
resourceName: sarp_accounts, functionName: setElementData, luaFilename: sourceC.lua, luaLineNumber: 750, args: userdata: 00000FC2|char.playTimeForPayday|15
ineNumber: 742, args: userdata: 00000FC2|char.playedMinutes|14295
resourceName: sarp_accounts, functionName: setElementData, luaFilename: sourceC.lua, luaLineNumber: 750, args: userdata: 00000FC2|char.playTimeForPayday|15
resourceName: sarp_inventory, functionName: triggerServerEvent, luaFilename: sourceC.lua, luaLineNumber: 348, args: takeWeapon|userdata: 00000FFD
rEvent, luaFilename: sourceC.lua, luaLineNumber: 348, args: takeWeapon|userdata: 00000FFD
resourceName: sarp_chat, functionName: triggerServerEvent, luaFilename: sourceC.lua, luaLineNumber: 202, args: onActionMessage|userdata: 00000FFD|table: 399F6AF8|Jayceon|elrakott egy sokkoló pisztolyt.
rEvent, luaFilename: sourceC.lua, luaLineNumber: 348, args: takeWeapon|userdata: 00000FFD
rEvent, luaFilename: sourceC.lua, luaLineNumber: 348, args: takeWeapon|userdata: 00000FFD
resourceName: sarp_chat, functionName: triggerServerEvent, luaFilename: sourceC.lua, luaLineNumber: 202, args: onActionMessage|userdata: 00000FFD|table: 399F6AF8|Jayceon|elrakott egy sokkoló pisztolyt.
resourceName: sarp_inventory, functionName: setElementData, luaFilename: sourceC.lua, luaLineNumber: 361, args: userdata: 00000FFD|tazerState|false
C.lua, luaLineNumber: 348, args: takeWeapon|userdata: 00000FFD
resourceName: sarp_chat, functionName: triggerServerEvent, luaFilename: sourceC.lua, luaLineNumber: 202, args: onActionMessage|userdata: 00000FFD|table: 399F6AF8|Jayceon|elrakott egy sokkoló pisztolyt.
resourceName: sarp_inventory, functionName: setElementData, luaFilename: sourceC.lua, luaLineNumber: 361, args: userdata: 00000FFD|tazerState|false
resourceName: sarp_nametag, functionName: setElementData, luaFilename: sourceC.lua, luaLineNumber: 300, args: userdata: 00000FC2|afk|true
, functionName: triggerServerEvent, luaFilename: sourceC.lua, luaLineNumber: 202, args: onActionMessage|userdata: 00000FFD|table: 399F6AF8|Jayceon|elrakott egy sokkoló pisztolyt.
resourceName: sarp_inventory, functionName: setElementData, luaFilename: sourceC.lua, luaLineNumber: 361, args: userdata: 00000FFD|tazerState|false
resourceName: sarp_nametag, functionName: setElementData, luaFilename: sourceC.lua, luaLineNumber: 300, args: userdata: 00000FC2|afk|true
resourceName: sarp_accounts, functionName: setElementData, luaFilename: sourceC.lua, luaLineNumber: 742, args: userdata: 00000FFD|char.playedMinutes|15244
me: sourceC.lua, luaLineNumber: 742, args: userdata: 00000FFD|char.playedMinutes|15244
resourceName: sarp_accounts, functionName: setElementData, luaFilename: sourceC.lua, luaLineNumber: 750, args: userdata: 00000FFD|char.playTimeForPayday|4
me: sourceC.lua, luaLineNumber: 742, args: userdata: 00000FFD|char.playedMinutes|15244
me: sourceC.lua, luaLineNumber: 742, args: userdata: 00000FFD|char.playedMinutes|15244
resourceName: sarp_accounts, functionName: setElementData, luaFilename: sourceC.lua, luaLineNumber: 750, args: userdata: 00000FFD|char.playTimeForPayday|4
resourceName: sarp_nametag, functionName: setElementData, luaFilename: sourceC.lua, luaLineNumber: 229, args: userdata: 00000FFD|afk|true
44
resourceName: sarp_accounts, functionName: setElementData, luaFilename: sourceC.lua, luaLineNumber: 750, args: userdata: 00000FFD|char.playTimeForPayday|4
resourceName: sarp_nametag, functionName: setElementData, luaFilename: sourceC.lua, luaLineNumber: 229, args: userdata: 00000FFD|afk|true
resourceName: sarp_nametag, functionName: setElementData, luaFilename: sourceC.lua, luaLineNumber: 237, args: userdata: 00000FC2|afk|false
lementData, luaFilename: sourceC.lua, luaLineNumber: 229, args: userdata: 00000FFD|afk|true
resourceName: sarp_nametag, functionName: setElementData, luaFilename: sourceC.lua, luaLineNumber: 237, args: userdata: 00000FC2|afk|false
resourceName: sarp_nametag, functionName: setElementData, luaFilename: sourceC.lua, luaLineNumber: 305, args: userdata: 00000FC2|consoling|true
me: setElementData, luaFilename: sourceC.lua, luaLineNumber: 305, args: userdata: 00000FC2|consoling|true
resourceName: sarp_nametag, functionName: setElementData, luaFilename: sourceC.lua, luaLineNumber: 309, args: userdata: 00000FC2|consoling|false
me: setElementData, luaFilename: sourceC.lua, luaLineNumber: 305, args: userdata: 00000FC2|consoling|true
me: setElementData, luaFilename: sourceC.lua, luaLineNumber: 305, args: userdata: 00000FC2|consoling|true
resourceName: sarp_nametag, functionName: setElementData, luaFilename: sourceC.lua, luaLineNumber: 309, args: userdata: 00000FC2|consoling|false
resourceName: sarp_nametag, functionName: setElementData, luaFilename: sourceC.lua, luaLineNumber: 237, args: userdata: 00000FFD|afk|false
ceC.lua, luaLineNumber: 305, args: userdata: 00000FC2|consoling|true
resourceName: sarp_nametag, functionName: setElementData, luaFilename: sourceC.lua, luaLineNumber: 309, args: userdata: 00000FC2|consoling|false
resourceName: sarp_nametag, functionName: setElementData, luaFilename: sourceC.lua, luaLineNumber: 237, args: userdata: 00000FFD|afk|false
resourceName: sarp_nametag, functionName: setElementData, luaFilename: sourceC.lua, luaLineNumber: 223, args: userdata: 00000FFD|afk|false
.lua, luaLineNumber: 309, args: userdata: 00000FC2|consoling|false
resourceName: sarp_nametag, functionName: setElementData, luaFilename: sourceC.lua, luaLineNumber: 237, args: userdata: 00000FFD|afk|false
resourceName: sarp_nametag, functionName: setElementData, luaFilename: sourceC.lua, luaLineNumber: 223, args: userdata: 00000FFD|afk|false
resourceName: sarp_nametag, functionName: setElementData, luaFilename: sourceC.lua, luaLineNumber: 229, args: userdata: 00000FFD|afk|true
ineNumber: 237, args: userdata: 00000FFD|afk|false
resourceName: sarp_nametag, functionName: setElementData, luaFilename: sourceC.lua, luaLineNumber: 223, args: userdata: 00000FFD|afk|false
resourceName: sarp_nametag, functionName: setElementData, luaFilename: sourceC.lua, luaLineNumber: 229, args: userdata: 00000FFD|afk|true
resourceName: sarp_nametag, functionName: setElementData, luaFilename: sourceC.lua, luaLineNumber: 237, args: userdata: 00000FFD|afk|false
0000FFD|afk|false
resourceName: sarp_nametag, functionName: setElementData, luaFilename: sourceC.lua, luaLineNumber: 229, args: userdata: 00000FFD|afk|true
resourceName: sarp_nametag, functionName: setElementData, luaFilename: sourceC.lua, luaLineNumber: 237, args: userdata: 00000FFD|afk|false
resourceName: sarp_nametag, functionName: setElementData, luaFilename: sourceC.lua, luaLineNumber: 223, args: userdata: 00000FFD|afk|false
entData, luaFilename: sourceC.lua, luaLineNumber: 237, args: userdata: 00000FFD|afk|false
resourceName: sarp_nametag, functionName: setElementData, luaFilename: sourceC.lua, luaLineNumber: 223, args: userdata: 00000FFD|afk|false
resourceName: sarp_nametag, functionName: setElementData, luaFilename: sourceC.lua, luaLineNumber: 305, args: userdata: 00000FFD|consoling|true
setElementData, luaFilename: sourceC.lua, luaLineNumber: 305, args: userdata: 00000FFD|consoling|true
resourceName: sarp_nametag, functionName: setElementData, luaFilename: sourceC.lua, luaLineNumber: 309, args: userdata: 00000FFD|consoling|false
setElementData, luaFilename: sourceC.lua, luaLineNumber: 305, args: userdata: 00000FFD|consoling|true
setElementData, luaFilename: sourceC.lua, luaLineNumber: 305, args: userdata: 00000FFD|consoling|true
resourceName: sarp_nametag, functionName: setElementData, luaFilename: sourceC.lua, luaLineNumber: 309, args: userdata: 00000FFD|consoling|false
resourceName: sarp_accounts, functionName: setElementData, luaFilename: sourceC.lua, luaLineNumber: 742, args: userdata: 00000FC1|char.playedMinutes|7104
Number: 305, args: userdata: 00000FFD|consoling|true
resourceName: sarp_nametag, functionName: setElementData, luaFilename: sourceC.lua, luaLineNumber: 309, args: userdata: 00000FFD|consoling|false
resourceName: sarp_accounts, functionName: setElementData, luaFilename: sourceC.lua, luaLineNumber: 742, args: userdata: 00000FC1|char.playedMinutes|7104
resourceName: sarp_accounts, functionName: setElementData, luaFilename: sourceC.lua, luaLineNumber: 750, args: userdata: 00000FC1|char.playTimeForPayday|24
er: 309, args: userdata: 00000FFD|consoling|false
resourceName: sarp_accounts, functionName: setElementData, luaFilename: sourceC.lua, luaLineNumber: 742, args: userdata: 00000FC1|char.playedMinutes|7104
resourceName: sarp_accounts, functionName: setElementData, luaFilename: sourceC.lua, luaLineNumber: 750, args: userdata: 00000FC1|char.playTimeForPayday|24
resourceName: sarp_accounts, functionName: setElementData, luaFilename: sourceC.lua, luaLineNumber: 742, args: userdata: 00000FC2|char.playedMinutes|14296
neNumber: 742, args: userdata: 00000FC1|char.playedMinutes|7104
resourceName: sarp_accounts, functionName: setElementData, luaFilename: sourceC.lua, luaLineNumber: 750, args: userdata: 00000FC1|char.playTimeForPayday|24
resourceName: sarp_accounts, functionName: setElementData, luaFilename: sourceC.lua, luaLineNumber: 742, args: userdata: 00000FC2|char.playedMinutes|14296
resourceName: sarp_accounts, functionName: setElementData, luaFilename: sourceC.lua, luaLineNumber: 750, args: userdata: 00000FC2|char.playTimeForPayday|16
aFilename: sourceC.lua, luaLineNumber: 750, args: userdata: 00000FC1|char.playTimeForPayday|24
resourceName: sarp_accounts, functionName: setElementData, luaFilename: sourceC.lua, luaLineNumber: 742, args: userdata: 00000FC2|char.playedMinutes|14296
resourceName: sarp_accounts, functionName: setElementData, luaFilename: sourceC.lua, luaLineNumber: 750, args: userdata: 00000FC2|char.playTimeForPayday|16
resourceName: sarp_nametag, functionName: setElementData, luaFilename: sourceC.lua, luaLineNumber: 300, args: userdata: 00000FC2|afk|true

resourceName: sarp_accounts, functionName: setElementData, luaFilename: sourceC.lua, luaLineNumber: 742, args: userdata: 00000FC2|char.playedMinutes|14296
resourceName: sarp_accounts, functionName: setElementData, luaFilename: sourceC.lua, luaLineNumber: 750, args: userdata: 00000FC2|char.playTimeForPayday|16
resourceName: sarp_nametag, functionName: setElementData, luaFilename: sourceC.lua, luaLineNumber: 300, args: userdata: 00000FC2|afk|true
resourceName: sarp_nametag, functionName: setElementData, luaFilename: sourceC.lua, luaLineNumber: 237, args: userdata: 00000FC1|afk|false
37, args: userdata: 00000FC1|afk|false
resourceName: sarp_nametag, functionName: setElementData, luaFilename: sourceC.lua, luaLineNumber: 223, args: userdata: 00000FC1|afk|false
37, args: userdata: 00000FC1|afk|false
37, args: userdata: 00000FC1|afk|false
resourceName: sarp_nametag, functionName: setElementData, luaFilename: sourceC.lua, luaLineNumber: 223, args: userdata: 00000FC1|afk|false
resourceName: sarp_accounts, functionName: setElementData, luaFilename: sourceC.lua, luaLineNumber: 742, args: userdata: 00000FFD|char.playedMinutes|15245
name: sourceC.lua, luaLineNumber: 742, args: userdata: 00000FFD|char.playedMinutes|15245
resourceName: sarp_accounts, functionName: setElementData, luaFilename: sourceC.lua, luaLineNumber: 750, args: userdata: 00000FFD|char.playTimeForPayday|5
name: sourceC.lua, luaLineNumber: 742, args: userdata: 00000FFD|char.playedMinutes|15245
name: sourceC.lua, luaLineNumber: 742, args: userdata: 00000FFD|char.playedMinutes|15245
resourceName: sarp_accounts, functionName: setElementData, luaFilename: sourceC.lua, luaLineNumber: 750, args: userdata: 00000FFD|char.playTimeForPayday|5
resourceName: sarp_nametag, functionName: setElementData, luaFilename: sourceC.lua, luaLineNumber: 305, args: userdata: 00000FC1|consoling|true
utes|15245
resourceName: sarp_accounts, functionName: setElementData, luaFilename: sourceC.lua, luaLineNumber: 750, args: userdata: 00000FFD|char.playTimeForPayday|5
resourceName: sarp_nametag, functionName: setElementData, luaFilename: sourceC.lua, luaLineNumber: 305, args: userdata: 00000FC1|consoling|true
resourceName: sarp_nametag, functionName: setElementData, luaFilename: sourceC.lua, luaLineNumber: 309, args: userdata: 00000FC1|consoling|false
ag, functionName: setElementData, luaFilename: sourceC.lua, luaLineNumber: 305, args: userdata: 00000FC1|consoling|true
resourceName: sarp_nametag, functionName: setElementData, luaFilename: sourceC.lua, luaLineNumber: 309, args: userdata: 00000FC1|consoling|false
resourceName: sarp_nametag, functionName: setElementData, luaFilename: sourceC.lua, luaLineNumber: 300, args: userdata: 00000FFD|afk|true
ata: 00000FC1|consoling|false
resourceName: sarp_nametag, functionName: setElementData, luaFilename: sourceC.lua, luaLineNumber: 300, args: userdata: 00000FFD|afk|true
resourceName: sarp_nametag, functionName: setElementData, luaFilename: sourceC.lua, luaLineNumber: 246, args: userdata: 00000FFD|afk|false
ata: 00000FC1|consoling|false
resourceName: sarp_nametag, functionName: setElementData, luaFilename: sourceC.lua, luaLineNumber: 300, args: userdata: 00000FFD|afk|true
ata: 00000FC1|consoling|false
resourceName: sarp_nametag, functionName: setElementData, luaFilename: sourceC.lua, luaLineNumber: 300, args: userdata: 00000FFD|afk|true
resourceName: sarp_nametag, functionName: setElementData, luaFilename: sourceC.lua, luaLineNumber: 246, args: userdata: 00000FFD|afk|false
resourceName: sarp_inventory, functionName: triggerServerEvent, luaFilename: sourceC.lua, luaLineNumber: 450, args: giveWeapon|userdata: 00000FC1|110|24|99999
rServerEvent, luaFilename: sourceC.lua, luaLineNumber: 450, args: giveWeapon|userdata: 00000FC1|110|24|99999
resourceName: sarp_chat, functionName: triggerServerEvent, luaFilename: sourceC.lua, luaLineNumber: 202, args: onActionMessage|userdata: 00000FC1|table: 4B493698|Marlon|elővett egy sokkoló pisztolyt.
rServerEvent, luaFilename: sourceC.lua, luaLineNumber: 450, args: giveWeapon|userdata: 00000FC1|110|24|99999
rServerEvent, luaFilename: sourceC.lua, luaLineNumber: 450, args: giveWeapon|userdata: 00000FC1|110|24|99999
resourceName: sarp_chat, functionName: triggerServerEvent, luaFilename: sourceC.lua, luaLineNumber: 202, args: onActionMessage|userdata: 00000FC1|table: 4B493698|Marlon|elővett egy sokkoló pisztolyt.
resourceName: sarp_inventory, functionName: setElementData, luaFilename: sourceC.lua, luaLineNumber: 472, args: userdata: 00000FC1|tazerState|true
rdata: 00000FC1|110|24|99999
rServerEvent, luaFilename: sourceC.lua, luaLineNumber: 450, args: giveWeapon|userdata: 00000FC1|110|24|99999
resourceName: sarp_chat, functionName: triggerServerEvent, luaFilename: sourceC.lua, luaLineNumber: 202, args: onActionMessage|userdata: 00000FC1|table: 4B493698|Marlon|elővett egy sokkoló pisztolyt.
resourceName: sarp_inventory, functionName: setElementData, luaFilename: sourceC.lua, luaLineNumber: 472, args: userdata: 00000FC1|tazerState|true
resourceName: sarp_groupscripting, functionName: setElementData, luaFilename: sourceC.lua, luaLineNumber: 105, args: userdata: 00000FC1|tazerReloadNeeded|true
ripting, functionName: setElementData, luaFilename: sourceC.lua, luaLineNumber: 105, args: userdata: 00000FC1|tazerReloadNeeded|true
resourceName: sarp_damage, functionName: triggerServerEvent, luaFilename: sourceC.lua, luaLineNumber: 36, args: onTazerShoot|userdata: 00000FC1|userdata: 00000FC2
ripting, functionName: setElementData, luaFilename: sourceC.lua, luaLineNumber: 105, args: userdata: 00000FC1|tazerReloadNeeded|true
ripting, functionName: setElementData, luaFilename: sourceC.lua, luaLineNumber: 105, args: userdata: 00000FC1|tazerReloadNeeded|true
resourceName: sarp_damage, functionName: triggerServerEvent, luaFilename: sourceC.lua, luaLineNumber: 36, args: onTazerShoot|userdata: 00000FC1|userdata: 00000FC2
resourceName: sarp_chat, functionName: triggerServerEvent, luaFilename: sourceC.lua, luaLineNumber: 202, args: onActionMessage|userdata: 00000FC1|table: 4C2B53B8|Marlon Wright|lesokkolt valakit. ((Cody Russel))
FC1|table: 4C2B53B8|Marlon Wright|lesokkolt valakit. ((Cody Russel))
resourceName: sarp_nametag, functionName: setElementData, luaFilename: sourceC.lua, luaLineNumber: 305, args: userdata: 00000FC1|consoling|true
FC1|table: 4C2B53B8|Marlon Wright|lesokkolt valakit. ((Cody Russel))
FC1|table: 4C2B53B8|Marlon Wright|lesokkolt valakit. ((Cody Russel))
resourceName: sarp_nametag, functionName: setElementData, luaFilename: sourceC.lua, luaLineNumber: 305, args: userdata: 00000FC1|consoling|true
resourceName: sarp_hud, functionName: setElementData, luaFilename: sourceC.lua, luaLineNumber: 1052, args: userdata: 00000FC1|isEditingHUD|true
ua, luaLineNumber: 305, args: userdata: 00000FC1|consoling|true
resourceName: sarp_hud, functionName: setElementData, luaFilename: sourceC.lua, luaLineNumber: 1052, args: userdata: 00000FC1|isEditingHUD|true
resourceName: sarp_nametag, functionName: setElementData, luaFilename: sourceC.lua, luaLineNumber: 309, args: userdata: 00000FC1|consoling|false
luaLineNumber: 309, args: userdata: 00000FC1|consoling|false
resourceName: sarp_nametag, functionName: setElementData, luaFilename: sourceC.lua, luaLineNumber: 229, args: userdata: 00000FFD|afk|true
luaLineNumber: 309, args: userdata: 00000FC1|consoling|false
luaLineNumber: 309, args: userdata: 00000FC1|consoling|false
resourceName: sarp_nametag, functionName: setElementData, luaFilename: sourceC.lua, luaLineNumber: 229, args: userdata: 00000FFD|afk|true
resourceName: sarp_accounts, functionName: setElementData, luaFilename: sourceC.lua, luaLineNumber: 742, args: userdata: 00000FC1|char.playedMinutes|7105
: 00000FFD|afk|true
resourceName: sarp_accounts, functionName: setElementData, luaFilename: sourceC.lua, luaLineNumber: 742, args: userdata: 00000FC1|char.playedMinutes|7105
resourceName: sarp_accounts, functionName: setElementData, luaFilename: sourceC.lua, luaLineNumber: 750, args: userdata: 00000FC1|char.playTimeForPayday|25
|25
resourceName: sarp_accounts, functionName: setElementData, luaFilename: sourceC.lua, luaLineNumber: 742, args: userdata: 00000FC2|char.playedMinutes|14297
|25
|25
resourceName: sarp_accounts, functionName: setElementData, luaFilename: sourceC.lua, luaLineNumber: 742, args: userdata: 00000FC2|char.playedMinutes|14297
resourceName: sarp_accounts, functionName: setElementData, luaFilename: sourceC.lua, luaLineNumber: 750, args: userdata: 00000FC2|char.playTimeForPayday|17
|25
|25
resourceName: sarp_accounts, functionName: setElementData, luaFilename: sourceC.lua, luaLineNumber: 742, args: userdata: 00000FC2|char.playedMinutes|14297
|25
|25
resourceName: sarp_accounts, functionName: setElementData, luaFilename: sourceC.lua, luaLineNumber: 742, args: userdata: 00000FC2|char.playedMinutes|14297
resourceName: sarp_accounts, functionName: setElementData, luaFilename: sourceC.lua, luaLineNumber: 750, args: userdata: 00000FC2|char.playTimeForPayday|17
resourceName: sarp_nametag, functionName: setElementData, luaFilename: sourceC.lua, luaLineNumber: 237, args: userdata: 00000FFD|afk|false
Name: setElementData, luaFilename: sourceC.lua, luaLineNumber: 237, args: userdata: 00000FFD|afk|false
resourceName: sarp_nametag, functionName: setElementData, luaFilename: sourceC.lua, luaLineNumber: 223, args: userdata: 00000FFD|afk|false
Name: setElementData, luaFilename: sourceC.lua, luaLineNumber: 237, args: userdata: 00000FFD|afk|false
Name: setElementData, luaFilename: sourceC.lua, luaLineNumber: 237, args: userdata: 00000FFD|afk|false
resourceName: sarp_nametag, functionName: setElementData, luaFilename: sourceC.lua, luaLineNumber: 223, args: userdata: 00000FFD|afk|false
resourceName: sarp_hud, functionName: setElementData, luaFilename: sourceC.lua, luaLineNumber: 1089, args: userdata: 00000FC1|isEditingHUD|false
ineNumber: 237, args: userdata: 00000FFD|afk|false
resourceName: sarp_nametag, functionName: setElementData, luaFilename: sourceC.lua, luaLineNumber: 223, args: userdata: 00000FFD|afk|false
resourceName: sarp_hud, functionName: setElementData, luaFilename: sourceC.lua, luaLineNumber: 1089, args: userdata: 00000FC1|isEditingHUD|false
resourceName: sarp_nametag, functionName: setElementData, luaFilename: sourceC.lua, luaLineNumber: 305, args: userdata: 00000FFD|consoling|true
data: 00000FFD|afk|false
resourceName: sarp_hud, functionName: setElementData, luaFilename: sourceC.lua, luaLineNumber: 1089, args: userdata: 00000FC1|isEditingHUD|false
resourceName: sarp_nametag, functionName: setElementData, luaFilename: sourceC.lua, luaLineNumber: 305, args: userdata: 00000FFD|consoling|true
resourceName: sarp_inventory, functionName: triggerServerEvent, luaFilename: sourceC.lua, luaLineNumber: 348, args: takeWeapon|userdata: 00000FC1
rp_nametag, functionName: setElementData, luaFilename: sourceC.lua, luaLineNumber: 305, args: userdata: 00000FFD|consoling|true
resourceName: sarp_inventory, functionName: triggerServerEvent, luaFilename: sourceC.lua, luaLineNumber: 348, args: takeWeapon|userdata: 00000FC1
resourceName: sarp_inventory, functionName: setElementData, luaFilename: sourceC.lua, luaLineNumber: 356, args: userdata: 00000FC1|tazerReloadNeeded|false
umber: 348, args: takeWeapon|userdata: 00000FC1
resourceName: sarp_inventory, functionName: setElementData, luaFilename: sourceC.lua, luaLineNumber: 356, args: userdata: 00000FC1|tazerReloadNeeded|false
resourceName: sarp_chat, functionName: triggerServerEvent, luaFilename: sourceC.lua, luaLineNumber: 202, args: onActionMessage|userdata: 00000FC1|table: 4273F0C8|Marlon Wright|elrakott egy sokkoló pisztolyt.
mber: 202, args: onActionMessage|userdata: 00000FC1|table: 4273F0C8|Marlon Wright|elrakott egy sokkoló pisztolyt.
resourceName: sarp_inventory, functionName: setElementData, luaFilename: sourceC.lua, luaLineNumber: 361, args: userdata: 00000FC1|tazerState|false
